<?xml version="1.0" encoding="UTF-8"?>
<testsuite xmlns:xsi="http://www.w3.org/2001/XMLSchema-instance" xsi:noNamespaceSchemaLocation="https://maven.apache.org/surefire/maven-surefire-plugin/xsd/surefire-test-report-3.0.xsd" version="3.0" name="com.nexus.admin.AdminServiceApplicationTest" time="2.721" tests="1" errors="0" skipped="0" failures="0">
  <properties>
[...]
</properties>
  <testcase name="contextLoads" classname="com.nexus.admin.AdminServiceApplicationTest" time="0.006">
    <system-out><![CDATA[2026-03-28T04:26:00.646+05:30  INFO   --- [           main] t.c.s.AnnotationConfigContextLoaderUtils : Could not detect default configuration classes for test class [com.nexus.admin.AdminServiceApplicationTest]: AdminServiceApplicationTest does not declare any static, non-private, non-final, nested classes annotated with @Configuration.
2026-03-28T04:26:00.713+05:30  INFO   --- [           main] .b.t.c.SpringBootTestContextBootstrapper : Found @SpringBootConfiguration com.nexus.admin.AdminServiceApplication for test class com.nexus.admin.AdminServiceApplicationTest

  .   ____          _            __ _ _
 /\\ / ___'_ __ _ _(_)_ __  __ _ \ \ \ \
( ( )\___ | '_ | '_| | '_ \/ _` | \ \ \ \
 \\/  ___)| |_)| | | | | || (_| |  ) ) ) )
  '  |____| .__|_| |_|_| |_\__, | / / / /
 =========|_|==============|___/=/_/_/_/
 :: Spring Boot ::                (v3.2.0)

2026-03-28T04:26:01.227+05:30  INFO 48218 --- [admin-service] [           main] [                                                 ] c.n.admin.AdminServiceApplicationTest    : Starting AdminServiceApplicationTest using Java 25.0.2 with PID 48218 (started by adwitgupta in /Users/adwitgupta/Desktop/nexus-careers-complete/admin-service)
2026-03-28T04:26:01.228+05:30  INFO 48218 --- [admin-service] [           main] [                                                 ] c.n.admin.AdminServiceApplicationTest    : The following 1 profile is active: "test"
2026-03-28T04:26:01.257+05:30  INFO 48218 --- [admin-service] [           main] [                                                 ] o.s.c.c.c.ConfigServerConfigDataLoader   : Fetching config from server at : http://config-server:8888
2026-03-28T04:26:01.258+05:30  INFO 48218 --- [admin-service] [           main] [                                                 ] o.s.c.c.c.ConfigServerConfigDataLoader   : Exception on Url - http://config-server:8888:org.springframework.web.client.ResourceAccessException: I/O error on GET request for "http://config-server:8888/admin-service/default": config-server. Will be trying the next url if available
2026-03-28T04:26:01.258+05:30  WARN 48218 --- [admin-service] [           main] [                                                 ] o.s.c.c.c.ConfigServerConfigDataLoader   : Could not locate PropertySource ([ConfigServerConfigDataResource@a8ef0c2 uris = array<String>['http://config-server:8888'], optional = true, profiles = 'default']): I/O error on GET request for "http://config-server:8888/admin-service/default": config-server
2026-03-28T04:26:01.258+05:30  INFO 48218 --- [admin-service] [           main] [                                                 ] o.s.c.c.c.ConfigServerConfigDataLoader   : Fetching config from server at : http://config-server:8888
2026-03-28T04:26:01.258+05:30  INFO 48218 --- [admin-service] [           main] [                                                 ] o.s.c.c.c.ConfigServerConfigDataLoader   : Exception on Url - http://config-server:8888:org.springframework.web.client.ResourceAccessException: I/O error on GET request for "http://config-server:8888/admin-service/test": config-server. Will be trying the next url if available
2026-03-28T04:26:01.258+05:30  WARN 48218 --- [admin-service] [           main] [                                                 ] o.s.c.c.c.ConfigServerConfigDataLoader   : Could not locate PropertySource ([ConfigServerConfigDataResource@63cff421 uris = array<String>['http://config-server:8888'], optional = true, profiles = 'test']): I/O error on GET request for "http://config-server:8888/admin-service/test": config-server
2026-03-28T04:26:01.258+05:30  INFO 48218 --- [admin-service] [           main] [                                                 ] o.s.c.c.c.ConfigServerConfigDataLoader   : Fetching config from server at : http://config-server:8888
2026-03-28T04:26:01.258+05:30  INFO 48218 --- [admin-service] [           main] [                                                 ] o.s.c.c.c.ConfigServerConfigDataLoader   : Exception on Url - http://config-server:8888:org.springframework.web.client.ResourceAccessException: I/O error on GET request for "http://config-server:8888/admin-service/default": config-server. Will be trying the next url if available
2026-03-28T04:26:01.258+05:30  WARN 48218 --- [admin-service] [           main] [                                                 ] o.s.c.c.c.ConfigServerConfigDataLoader   : Could not locate PropertySource ([ConfigServerConfigDataResource@27e42fe8 uris = array<String>['http://config-server:8888'], optional = true, profiles = 'default']): I/O error on GET request for "http://config-server:8888/admin-service/default": config-server
2026-03-28T04:26:02.100+05:30  INFO 48218 --- [admin-service] [           main] [                                                 ] o.s.cloud.context.scope.GenericScope     : BeanFactory id=5e1fecef-ae01-3009-a235-b9501ad88422
2026-03-28T04:26:02.190+05:30  WARN 48218 --- [admin-service] [           main] [                                                 ] trationDelegate$BeanPostProcessorChecker : Bean 'org.springframework.cloud.client.loadbalancer.LoadBalancerAutoConfiguration$LoadBalancerInterceptorConfig' of type [org.springframework.cloud.client.loadbalancer.LoadBalancerAutoConfiguration$LoadBalancerInterceptorConfig] is not eligible for getting processed by all BeanPostProcessors (for example: not eligible for auto-proxying). The currently created BeanPostProcessor [lbRestClientPostProcessor] is declared through a non-static factory method on that class; consider declaring it as static instead.
2026-03-28T04:26:02.191+05:30  WARN 48218 --- [admin-service] [           main] [                                                 ] trationDelegate$BeanPostProcessorChecker : Bean 'org.springframework.cloud.loadbalancer.config.BlockingLoadBalancerClientAutoConfiguration' of type [org.springframework.cloud.loadbalancer.config.BlockingLoadBalancerClientAutoConfiguration] is not eligible for getting processed by all BeanPostProcessors (for example: not eligible for auto-proxying). Is this bean getting eagerly injected into a currently created BeanPostProcessor [lbRestClientPostProcessor]? Check the corresponding BeanPostProcessor declaration and its dependencies.
2026-03-28T04:26:02.192+05:30  WARN 48218 --- [admin-service] [           main] [                                                 ] trationDelegate$BeanPostProcessorChecker : Bean 'org.springframework.cloud.loadbalancer.config.LoadBalancerAutoConfiguration' of type [org.springframework.cloud.loadbalancer.config.LoadBalancerAutoConfiguration] is not eligible for getting processed by all BeanPostProcessors (for example: not eligible for auto-proxying). Is this bean getting eagerly injected into a currently created BeanPostProcessor [lbRestClientPostProcessor]? Check the corresponding BeanPostProcessor declaration and its dependencies.
2026-03-28T04:26:02.196+05:30  WARN 48218 --- [admin-service] [           main] [                                                 ] trationDelegate$BeanPostProcessorChecker : Bean 'org.springframework.cloud.commons.config.CommonsConfigAutoConfiguration' of type [org.springframework.cloud.commons.config.CommonsConfigAutoConfiguration] is not eligible for getting processed by all BeanPostProcessors (for example: not eligible for auto-proxying). Is this bean getting eagerly injected into a currently created BeanPostProcessor [lbRestClientPostProcessor]? Check the corresponding BeanPostProcessor declaration and its dependencies.
2026-03-28T04:26:02.197+05:30  WARN 48218 --- [admin-service] [           main] [                                                 ] trationDelegate$BeanPostProcessorChecker : Bean 'org.springframework.cloud.client.loadbalancer.LoadBalancerDefaultMappingsProviderAutoConfiguration' of type [org.springframework.cloud.client.loadbalancer.LoadBalancerDefaultMappingsProviderAutoConfiguration] is not eligible for getting processed by all BeanPostProcessors (for example: not eligible for auto-proxying). Is this bean getting eagerly injected into a currently created BeanPostProcessor [lbRestClientPostProcessor]? Check the corresponding BeanPostProcessor declaration and its dependencies.
2026-03-28T04:26:02.197+05:30  WARN 48218 --- [admin-service] [           main] [                                                 ] trationDelegate$BeanPostProcessorChecker : Bean 'loadBalancerClientsDefaultsMappingsProvider' of type [org.springframework.cloud.client.loadbalancer.LoadBalancerDefaultMappingsProviderAutoConfiguration$$Lambda/0x000001e0016eacb0] is not eligible for getting processed by all BeanPostProcessors (for example: not eligible for auto-proxying). Is this bean getting eagerly injected into a currently created BeanPostProcessor [lbRestClientPostProcessor]? Check the corresponding BeanPostProcessor declaration and its dependencies.
2026-03-28T04:26:02.198+05:30  WARN 48218 --- [admin-service] [           main] [                                                 ] trationDelegate$BeanPostProcessorChecker : Bean 'defaultsBindHandlerAdvisor' of type [org.springframework.cloud.commons.config.DefaultsBindHandlerAdvisor] is not eligible for getting processed by all BeanPostProcessors (for example: not eligible for auto-proxying). Is this bean getting eagerly injected into a currently created BeanPostProcessor [lbRestClientPostProcessor]? Check the corresponding BeanPostProcessor declaration and its dependencies.
2026-03-28T04:26:02.203+05:30  WARN 48218 --- [admin-service] [           main] [                                                 ] trationDelegate$BeanPostProcessorChecker : Bean 'spring.cloud.loadbalancer-org.springframework.cloud.client.loadbalancer.LoadBalancerClientsProperties' of type [org.springframework.cloud.client.loadbalancer.LoadBalancerClientsProperties] is not eligible for getting processed by all BeanPostProcessors (for example: not eligible for auto-proxying). Is this bean getting eagerly injected into a currently created BeanPostProcessor [lbRestClientPostProcessor]? Check the corresponding BeanPostProcessor declaration and its dependencies.
2026-03-28T04:26:02.207+05:30  WARN 48218 --- [admin-service] [           main] [                                                 ] trationDelegate$BeanPostProcessorChecker : Bean 'default.org.springframework.cloud.loadbalancer.config.LoadBalancerAutoConfiguration.LoadBalancerClientSpecification' of type [org.springframework.cloud.loadbalancer.annotation.LoadBalancerClientSpecification] is not eligible for getting processed by all BeanPostProcessors (for example: not eligible for auto-proxying). Is this bean getting eagerly injected into a currently created BeanPostProcessor [lbRestClientPostProcessor]? Check the corresponding BeanPostProcessor declaration and its dependencies.
2026-03-28T04:26:02.208+05:30  WARN 48218 --- [admin-service] [           main] [                                                 ] trationDelegate$BeanPostProcessorChecker : Bean 'default.org.springframework.cloud.loadbalancer.config.BlockingLoadBalancerClientAutoConfiguration.LoadBalancerClientSpecification' of type [org.springframework.cloud.loadbalancer.annotation.LoadBalancerClientSpecification] is not eligible for getting processed by all BeanPostProcessors (for example: not eligible for auto-proxying). Is this bean getting eagerly injected into a currently created BeanPostProcessor [lbRestClientPostProcessor]? Check the corresponding BeanPostProcessor declaration and its dependencies.
2026-03-28T04:26:02.208+05:30  WARN 48218 --- [admin-service] [           main] [                                                 ] trationDelegate$BeanPostProcessorChecker : Bean 'loadBalancerClientFactory' of type [org.springframework.cloud.loadbalancer.support.LoadBalancerClientFactory] is not eligible for getting processed by all BeanPostProcessors (for example: not eligible for auto-proxying). Is this bean getting eagerly injected into a currently created BeanPostProcessor [lbRestClientPostProcessor]? Check the corresponding BeanPostProcessor declaration and its dependencies.
2026-03-28T04:26:02.211+05:30  WARN 48218 --- [admin-service] [           main] [                                                 ] trationDelegate$BeanPostProcessorChecker : Bean 'blockingLoadBalancerClient' of type [org.springframework.cloud.loadbalancer.blocking.client.BlockingLoadBalancerClient] is not eligible for getting processed by all BeanPostProcessors (for example: not eligible for auto-proxying). Is this bean getting eagerly injected into a currently created BeanPostProcessor [lbRestClientPostProcessor]? Check the corresponding BeanPostProcessor declaration and its dependencies.
2026-03-28T04:26:02.217+05:30  WARN 48218 --- [admin-service] [           main] [                                                 ] trationDelegate$BeanPostProcessorChecker : Bean 'loadBalancerServiceInstanceCookieTransformer' of type [org.springframework.cloud.loadbalancer.core.LoadBalancerServiceInstanceCookieTransformer] is not eligible for getting processed by all BeanPostProcessors (for example: not eligible for auto-proxying). Is this bean getting eagerly injected into a currently created BeanPostProcessor [lbRestClientPostProcessor]? Check the corresponding BeanPostProcessor declaration and its dependencies.
2026-03-28T04:26:02.218+05:30  WARN 48218 --- [admin-service] [           main] [                                                 ] trationDelegate$BeanPostProcessorChecker : Bean 'xForwarderHeadersTransformer' of type [org.springframework.cloud.loadbalancer.blocking.XForwardedHeadersTransformer] is not eligible for getting processed by all BeanPostProcessors (for example: not eligible for auto-proxying). Is this bean getting eagerly injected into a currently created BeanPostProcessor [lbRestClientPostProcessor]? Check the corresponding BeanPostProcessor declaration and its dependencies.
2026-03-28T04:26:02.218+05:30  WARN 48218 --- [admin-service] [           main] [                                                 ] trationDelegate$BeanPostProcessorChecker : Bean 'org.springframework.cloud.client.loadbalancer.LoadBalancerAutoConfiguration' of type [org.springframework.cloud.client.loadbalancer.LoadBalancerAutoConfiguration] is not eligible for getting processed by all BeanPostProcessors (for example: not eligible for auto-proxying). Is this bean getting eagerly injected into a currently created BeanPostProcessor [lbRestClientPostProcessor]? Check the corresponding BeanPostProcessor declaration and its dependencies.
2026-03-28T04:26:02.219+05:30  WARN 48218 --- [admin-service] [           main] [                                                 ] trationDelegate$BeanPostProcessorChecker : Bean 'loadBalancerRequestFactory' of type [org.springframework.cloud.client.loadbalancer.LoadBalancerRequestFactory] is not eligible for getting processed by all BeanPostProcessors (for example: not eligible for auto-proxying). Is this bean getting eagerly injected into a currently created BeanPostProcessor [lbRestClientPostProcessor]? Check the corresponding BeanPostProcessor declaration and its dependencies.
2026-03-28T04:26:02.219+05:30  WARN 48218 --- [admin-service] [           main] [                                                 ] trationDelegate$BeanPostProcessorChecker : Bean 'loadBalancerInterceptor' of type [org.springframework.cloud.client.loadbalancer.LoadBalancerInterceptor] is not eligible for getting processed by all BeanPostProcessors (for example: not eligible for auto-proxying). Is this bean getting eagerly injected into a currently created BeanPostProcessor [lbRestClientPostProcessor]? Check the corresponding BeanPostProcessor declaration and its dependencies.
2026-03-28T04:26:02.390+05:30  WARN 48218 --- [admin-service] [           main] [                                                 ] .s.s.UserDetailsServiceAutoConfiguration : 

Using generated security password: e523e732-ee99-4d32-a0ac-f71d012d1326

This generated password is for development use only. Your security configuration must be updated before running your application in production.

2026-03-28T04:26:02.700+05:30  INFO 48218 --- [admin-service] [           main] [                                                 ] o.s.b.a.e.web.EndpointLinksResolver      : Exposing 15 endpoint(s) beneath base path '/actuator'
2026-03-28T04:26:02.731+05:30  INFO 48218 --- [admin-service] [           main] [                                                 ] o.s.s.web.DefaultSecurityFilterChain     : Will secure any request with [org.springframework.security.web.session.DisableEncodeUrlFilter@34f9275f, org.springframework.security.web.context.request.async.WebAsyncManagerIntegrationFilter@547a8927, org.springframework.security.web.context.SecurityContextHolderFilter@46e1702d, org.springframework.security.web.header.HeaderWriterFilter@2f7bfd32, org.springframework.web.filter.CorsFilter@46c38d77, org.springframework.security.web.authentication.logout.LogoutFilter@76d28406, com.nexus.admin.security.JwtAuthenticationFilter@4ad30ac5, org.springframework.security.web.savedrequest.RequestCacheAwareFilter@53cde2dc, org.springframework.security.web.servletapi.SecurityContextHolderAwareRequestFilter@53fa654c, org.springframework.security.web.authentication.AnonymousAuthenticationFilter@376d1f1f, org.springframework.security.web.session.SessionManagementFilter@5f0cac72, org.springframework.security.web.access.ExceptionTranslationFilter@661ccd02, org.springframework.security.web.access.intercept.AuthorizationFilter@1100757a]
2026-03-28T04:26:02.733+05:30  WARN 48218 --- [admin-service] [           main] [                                                 ] o.s.s.c.a.web.builders.WebSecurity       : You are asking Spring Security to ignore Ant [pattern='/actuator/**']. This is not recommended -- please use permitAll via HttpSecurity#authorizeHttpRequests instead.
2026-03-28T04:26:02.733+05:30  INFO 48218 --- [admin-service] [           main] [                                                 ] o.s.s.web.DefaultSecurityFilterChain     : Will not secure Ant [pattern='/actuator/**']
2026-03-28T04:26:03.207+05:30  INFO 48218 --- [admin-service] [           main] [                                                 ] DiscoveryClientOptionalArgsConfiguration : Eureka HTTP Client uses RestTemplate.
2026-03-28T04:26:03.224+05:30  WARN 48218 --- [admin-service] [           main] [                                                 ] iguration$LoadBalancerCaffeineWarnLogger : Spring Cloud LoadBalancer is currently working with the default cache. While this cache implementation is useful for development and tests, it's recommended to use Caffeine cache in production.You can switch to using Caffeine cache, by adding it and org.springframework.cache.caffeine.CaffeineCacheManager to the classpath.
2026-03-28T04:26:03.255+05:30  INFO 48218 --- [admin-service] [           main] [                                                 ] c.n.admin.AdminServiceApplicationTest    : Started AdminServiceApplicationTest in 2.443 seconds (process running for 5.315)
]]></system-out>
  </testcase>
</testsuite>